<?xml version="1.0" encoding="UTF-8"?>
<testng-results ignored="0" total="1" passed="1" failed="0" skipped="0">
  <reporter-output>
  </reporter-output>
  <suite started-at="2022-06-02T14:07:31 IST" name="Suite" finished-at="2022-06-02T14:08:01 IST" duration-ms="29291">
    <groups>
    </groups>
    <test started-at="2022-06-02T14:07:31 IST" name="Test" finished-at="2022-06-02T14:08:01 IST" duration-ms="29291">
      <class name="testcases.Runinsent">
        <test-method is-config="true" signature="base()[pri:0, instance:testcases.Runinsent@611889f4]" started-at="2022-06-02T14:07:31 IST" name="base" finished-at="2022-06-02T14:07:38 IST" duration-ms="6386" status="PASS">
          <reporter-output>
          </reporter-output>
        </test-method> <!-- base -->
        <test-method signature="runtestcases()[pri:0, instance:testcases.Runinsent@611889f4]" started-at="2022-06-02T14:07:38 IST" name="runtestcases" finished-at="2022-06-02T14:08:01 IST" duration-ms="22857" status="PASS">
          <reporter-output>
          </reporter-output>
        </test-method> <!-- runtestcases -->
      </class> <!-- testcases.Runinsent -->
    </test> <!-- Test -->
  </suite> <!-- Suite -->
</testng-results>
